APP/app/build/intermediates/manifest_merge_blame_file/release/manifest-merger-blame-release-report.txt
1<?xml version="1.0" encoding="utf-8"?>
2<manifest xmlns:android="http://schemas.android.com/apk/res/android"
3    package="cat.bb_8"
4    android:versionCode="1"
5    android:versionName="1.0" >
6
7    <uses-sdk
8        android:minSdkVersion="24"
8-->src\main\AndroidManifest.xml
9        android:targetSdkVersion="30" />
9-->src\main\AndroidManifest.xml
10
11    <uses-permission android:name="android.permission.INTERNET" />
11-->src\main\AndroidManifest.xml:6:5-67
11-->src\main\AndroidManifest.xml:6:22-64
12    <uses-permission android:name="android.permission.WAKE_LOCK" />
12-->src\main\AndroidManifest.xml:7:5-68
12-->src\main\AndroidManifest.xml:7:22-65
13    <uses-permission android:name="android.permission.ACCESS_NETWORK_STATE" />
13-->src\main\AndroidManifest.xml:8:5-79
13-->src\main\AndroidManifest.xml:8:22-76
14    <uses-permission android:name="android.permission.INTERNET" />
14-->src\main\AndroidManifest.xml:6:5-67
14-->src\main\AndroidManifest.xml:6:22-64
15    <uses-permission android:name="android.permission.READ_PHONE_STATE" />
15-->src\main\AndroidManifest.xml:10:5-75
15-->src\main\AndroidManifest.xml:10:22-72
16
17    <application
17-->src\main\AndroidManifest.xml:12:5-39:19
18        android:allowBackup="true"
18-->src\main\AndroidManifest.xml:13:9-35
19        android:appComponentFactory="androidx.core.app.CoreComponentFactory"
19-->[androidx.core:core:1.3.1] AndroidManifest.xml:24:18-86
20        android:extractNativeLibs="false"
21        android:fullBackupContent="true"
21-->src\main\AndroidManifest.xml:14:9-41
22        android:icon="@mipmap/ic_launcher"
22-->src\main\AndroidManifest.xml:15:9-43
23        android:label="@string/app_name"
23-->src\main\AndroidManifest.xml:16:9-41
24        android:roundIcon="@mipmap/ic_launcher_round"
24-->src\main\AndroidManifest.xml:17:9-54
25        android:supportsRtl="true"
25-->src\main\AndroidManifest.xml:18:9-35
26        android:theme="@style/Theme.AppCompat.NoActionBar"
26-->src\main\AndroidManifest.xml:19:9-59
27        android:usesCleartextTraffic="true" >
27-->src\main\AndroidManifest.xml:20:9-44
28        <activity android:name="cat.bb_8.settings" />
28-->src\main\AndroidManifest.xml:22:9-54
28-->src\main\AndroidManifest.xml:22:19-51
29        <activity android:name="cat.bb_8.moviment2" />
29-->src\main\AndroidManifest.xml:23:9-47
29-->src\main\AndroidManifest.xml:23:19-44
30        <activity android:name="cat.bb_8.moviment" />
30-->src\main\AndroidManifest.xml:24:9-46
30-->src\main\AndroidManifest.xml:24:19-43
31        <activity android:name="cat.bb_8.variables" />
31-->src\main\AndroidManifest.xml:25:9-47
31-->src\main\AndroidManifest.xml:25:19-44
32
33        <service android:name="org.eclipse.paho.android.service.MqttService" />
33-->src\main\AndroidManifest.xml:28:9-80
33-->src\main\AndroidManifest.xml:28:18-77
34
35        <activity android:name="cat.bb_8.camara" />
35-->src\main\AndroidManifest.xml:30:9-44
35-->src\main\AndroidManifest.xml:30:19-41
36        <activity android:name="cat.bb_8.sensors" />
36-->src\main\AndroidManifest.xml:31:9-45
36-->src\main\AndroidManifest.xml:31:19-42
37        <activity android:name="cat.bb_8.MainActivity" >
37-->src\main\AndroidManifest.xml:32:9-38:20
37-->src\main\AndroidManifest.xml:32:19-47
38            <intent-filter>
38-->src\main\AndroidManifest.xml:33:13-37:29
39                <action android:name="android.intent.action.MAIN" />
39-->src\main\AndroidManifest.xml:34:17-69
39-->src\main\AndroidManifest.xml:34:25-66
40
41                <category android:name="android.intent.category.LAUNCHER" />
41-->src\main\AndroidManifest.xml:36:17-77
41-->src\main\AndroidManifest.xml:36:27-74
42            </intent-filter>
43        </activity>
44    </application>
45
46</manifest>